
10월 20, 2023 17:51:28.728 NEW SESSION
10월 20, 2023 17:51:28.728 [10396:1992:1020/175128.726:ERROR:CONSOLE(1)] "console.assert", source: devtools://devtools/bundled/devtools-frontend/front_end/ui/legacy/components/utils/utils.js (1)
10월 20, 2023 17:51:28.728 [10396:1992:1020/175128.727:ERROR:CONSOLE(1)] "console.assert", source: devtools://devtools/bundled/devtools-frontend/front_end/ui/legacy/components/utils/utils.js (1)
10월 20, 2023 17:51:28.728 [10396:1992:1020/175128.727:ERROR:CONSOLE(1)] "console.assert", source: devtools://devtools/bundled/devtools-frontend/front_end/ui/legacy/components/utils/utils.js (1)
10월 20, 2023 17:51:28.728 [10396:1992:1020/175128.728:ERROR:CONSOLE(1)] "console.assert", source: devtools://devtools/bundled/devtools-frontend/front_end/ui/legacy/components/utils/utils.js (1)
10월 20, 2023 17:51:28.729 [10396:1992:1020/175128.728:ERROR:CONSOLE(1)] "console.assert", source: devtools://devtools/bundled/devtools-frontend/front_end/ui/legacy/components/utils/utils.js (1)

10월 25, 2023 16:28:40.599 NEW SESSION
10월 25, 2023 16:28:40.599 [1132:2876:1025/162840.598:ERROR:cert_issuer_source_aia.cc(36)] Error parsing cert retrieved from AIA (as DER):
10월 25, 2023 16:28:40.599 ERROR: Couldn't read tbsCertificate as SEQUENCE
10월 25, 2023 16:28:40.599 ERROR: Failed parsing Certificate
10월 25, 2023 16:28:40.599 
10월 25, 2023 16:28:40.625 [1132:2876:1025/162840.624:ERROR:cert_verify_proc_builtin.cc(701)] CertVerifyProcBuiltin for sync.adotmob.com failed:
10월 25, 2023 16:28:40.625 ----- Certificate i=0 (CN=sync.adotmob.com) -----
10월 25, 2023 16:28:40.625 ERROR: Time is after notAfter
10월 25, 2023 16:28:40.625 
10월 25, 2023 16:28:40.625 
10월 25, 2023 16:49:35.63 [5752:11340:1025/164935.063:ERROR:connection_factory_impl.cc(471)] ConnectionHandler failed with net error: -2
10월 25, 2023 21:32:57.344 [7856:11420:1025/213257.343:ERROR:cert_verify_proc_builtin.cc(701)] CertVerifyProcBuiltin for xn--vj1b09xs1b16ct2c.com failed:
10월 25, 2023 21:32:57.344 ----- Certificate i=0 (O=My Company Ltd,L=Newbury,ST=Berkshire,C=GB) -----
10월 25, 2023 21:32:57.344 ERROR: No matching issuer found
10월 25, 2023 21:32:57.344 
10월 25, 2023 21:32:57.344 
10월 25, 2023 21:34:00.87 [7856:11852:1025/213400.087:ERROR:interface_endpoint_client.cc(702)] Message 3 rejected by interface blink.mojom.Widget
10월 25, 2023 21:34:00.87 [7856:11852:1025/213400.087:ERROR:interface_endpoint_client.cc(702)] Message 3 rejected by interface blink.mojom.Widget

10월 26, 2023 17:59:38.897 NEW SESSION
10월 26, 2023 17:59:38.897 INFO: Created TensorFlow Lite XNNPACK delegate for CPU.

10월 31, 2023 17:11:57.431 NEW SESSION
10월 31, 2023 17:11:57.431 [5600:9552:1031/171157.429:ERROR:sharing_service.cc(250)] Device un-registration failed with fatal error
10월 31, 2023 18:12:44.399 [5600:9552:1031/181244.398:ERROR:interface_endpoint_client.cc(702)] Message 0 rejected by interface blink.mojom.WidgetHost
10월 31, 2023 18:18:14.612 [5600:9832:1031/181814.612:ERROR:cert_verify_proc_builtin.cc(701)] CertVerifyProcBuiltin for cookie-sync.api.soundcast.fm failed:
10월 31, 2023 18:18:14.612 ----- Certificate i=0 (CN=*.api.soundcast.fm) -----
10월 31, 2023 18:18:14.612 ERROR: Time is after notAfter
10월 31, 2023 18:18:14.612 
10월 31, 2023 18:18:14.612 
